Determining if the pthread_create exist failed with the following output:
Change Dir: /home/yy/Dropbox/srsLTE/cmake-build-debug/CMakeFiles/CMakeTmp

Run Build Command:"/usr/bin/make" "cmTC_4884a/fast"
/usr/bin/make -f CMakeFiles/cmTC_4884a.dir/build.make CMakeFiles/cmTC_4884a.dir/build
make[1]: Entering directory '/home/yy/Dropbox/srsLTE/cmake-build-debug/CMakeFiles/CMakeTmp'
Building C object CMakeFiles/cmTC_4884a.dir/CheckSymbolExists.c.o
/usr/bin/cc    -o CMakeFiles/cmTC_4884a.dir/CheckSymbolExists.c.o   -c /home/yy/Dropbox/srsLTE/cmake-build-debug/CMakeFiles/CMakeTmp/CheckSymbolExists.c
Linking C executable cmTC_4884a
/home/yy/clion-2018.3.2/bin/cmake/linux/bin/cmake -E cmake_link_script CMakeFiles/cmTC_4884a.dir/link.txt --verbose=1
/usr/bin/cc      -rdynamic CMakeFiles/cmTC_4884a.dir/CheckSymbolExists.c.o  -o cmTC_4884a 
CMakeFiles/cmTC_4884a.dir/CheckSymbolExists.c.o: In function `main':
CheckSymbolExists.c:(.text+0x16): undefined reference to `pthread_create'
collect2: error: ld returned 1 exit status
CMakeFiles/cmTC_4884a.dir/build.make:86: recipe for target 'cmTC_4884a' failed
make[1]: *** [cmTC_4884a] Error 1
make[1]: Leaving directory '/home/yy/Dropbox/srsLTE/cmake-build-debug/CMakeFiles/CMakeTmp'
Makefile:121: recipe for target 'cmTC_4884a/fast' failed
make: *** [cmTC_4884a/fast] Error 2

File /home/yy/Dropbox/srsLTE/cmake-build-debug/CMakeFiles/CMakeTmp/CheckSymbolExists.c:
/* */
#include <pthread.h>

int main(int argc, char** argv)
{
  (void)argv;
#ifndef pthread_create
  return ((int*)(&pthread_create))[argc];
#else
  (void)argc;
  return 0;
#endif
}

Determining if the function pthread_create exists in the pthreads failed with the following output:
Change Dir: /home/yy/Dropbox/srsLTE/cmake-build-debug/CMakeFiles/CMakeTmp

Run Build Command:"/usr/bin/make" "cmTC_c8e4e/fast"
/usr/bin/make -f CMakeFiles/cmTC_c8e4e.dir/build.make CMakeFiles/cmTC_c8e4e.dir/build
make[1]: Entering directory '/home/yy/Dropbox/srsLTE/cmake-build-debug/CMakeFiles/CMakeTmp'
Building C object CMakeFiles/cmTC_c8e4e.dir/CheckFunctionExists.c.o
/usr/bin/cc   -DCHECK_FUNCTION_EXISTS=pthread_create   -o CMakeFiles/cmTC_c8e4e.dir/CheckFunctionExists.c.o   -c /home/yy/clion-2018.3.2/bin/cmake/linux/share/cmake-3.13/Modules/CheckFunctionExists.c
Linking C executable cmTC_c8e4e
/home/yy/clion-2018.3.2/bin/cmake/linux/bin/cmake -E cmake_link_script CMakeFiles/cmTC_c8e4e.dir/link.txt --verbose=1
/usr/bin/cc  -DCHECK_FUNCTION_EXISTS=pthread_create    -rdynamic CMakeFiles/cmTC_c8e4e.dir/CheckFunctionExists.c.o  -o cmTC_c8e4e -lpthreads 
/usr/bin/ld: cannot find -lpthreads
collect2: error: ld returned 1 exit status
CMakeFiles/cmTC_c8e4e.dir/build.make:86: recipe for target 'cmTC_c8e4e' failed
make[1]: *** [cmTC_c8e4e] Error 1
make[1]: Leaving directory '/home/yy/Dropbox/srsLTE/cmake-build-debug/CMakeFiles/CMakeTmp'
Makefile:121: recipe for target 'cmTC_c8e4e/fast' failed
make: *** [cmTC_c8e4e/fast] Error 2


